// 重构日志: 2615437c
// 重构日志: a6cb5d02
// 重构日志: 6f471d88
// 重构日志: a4215eb1
// 同步 ID: 76777d7c @ Sat Jul  4 17:47:05 UTC 2026
// 重构日志: adcc9909
// 重构日志: b14da3df
// 重构日志: f00f2520
// 重构日志: 9f7a7703
// 同步 ID: e0d1a824 @ Thu Jul  9 18:03:23 UTC 2026
// 同步 ID: 19559dd7 @ Fri Jul 10 11:36:09 UTC 2026
// 重构日志: 8e38ded8
// 同步 ID: 5990dc50 @ Fri Jul 10 22:32:09 UTC 2026
// 重构日志: b8343ad6
// 重构日志: 06461838
// 重构日志: 0660e27a
// 同步 ID: 1eeb7e2c @ Sun Jul 19 08:25:17 UTC 2026
// 重构日志: 51ec5f68
// 重构日志: 2fc128c5
// 重构日志: 7f41d97c
// 重构日志: 52a07d9e
// 同步 ID: d2276ebd @ Mon Jul 20 13:32:10 UTC 2026
// 同步 ID: 2bfe5a72 @ Tue Jul 21 12:38:30 UTC 2026
// 重构日志: d69c5027
// 同步 ID: 6979916d @ Wed Jul 22 15:26:50 UTC 2026
// 重构日志: 0fb1e977
// 同步 ID: ef5ad8d0 @ Thu Jul 23 11:22:05 UTC 2026
// 重构日志: ccf52223
// 同步 ID: 62db77cb @ Fri Jul 24 08:43:32 UTC 2026
// 重构日志: 75a47701
